<?xml version="1.0" encoding="UTF-8"?>
<!-- Generated by org.testng.reporters.JUnitReportReporter -->
<testsuite hostname="Hi-PC" failures="0" tests="3" name="TestNG_P.Booking" time="1.747" errors="1" timestamp="2021-09-30T09:54:26 ICT" skipped="2">
  <testcase classname="TestNG_P.Booking" name="beforeMethod" time="1.747">
    <error message="session not created: This version of ChromeDriver only supports Chrome version 92
Current browser version is 94.0.4606.61 with binary path C:\Program Files (x86)\Google\Chrome\Application\chrome.exe
Build info: version: &#039;3.10.0&#039;, revision: &#039;176b4a9&#039;, time: &#039;2018-03-02T19:11:12.151Z&#039;
System info: host: &#039;HI-PC&#039;, ip: &#039;192.168.1.9&#039;, os.name: &#039;Windows 10&#039;, os.arch: &#039;amd64&#039;, os.version: &#039;10.0&#039;, java.version: &#039;11.0.12&#039;
Driver info: driver.version: ChromeDriver
remote stacktrace: Backtrace:
	Ordinal0 [0x003C2A33+2501171]
	Ordinal0 [0x0035D1C1+2085313]
	Ordinal0 [0x00261FA8+1056680]
	Ordinal0 [0x0028020A+1180170]
	Ordinal0 [0x0027C125+1163557]
	Ordinal0 [0x0027997F+1153407]
	Ordinal0 [0x002A999F+1350047]
	Ordinal0 [0x002A960A+1349130]
	Ordinal0 [0x002A551B+1332507]
	Ordinal0 [0x00281D74+1187188]
	Ordinal0 [0x00282BD9+1190873]
	GetHandleVerifier [0x0053EFE6+1504438]
	GetHandleVerifier [0x005EDDA5+2220661]
	GetHandleVerifier [0x00445589+481881]
	GetHandleVerifier [0x00444639+477961]
	Ordinal0 [0x003628BD+2107581]
	Ordinal0 [0x00366728+2123560]
	Ordinal0 [0x00366862+2123874]
	Ordinal0 [0x0036FA81+2161281]
	BaseThreadInitThunk [0x76536359+25]
	RtlGetAppContainerNamedObjectPath [0x77087B74+228]
	RtlGetAppContainerNamedObjectPath [0x77087B44+180]
" type="org.openqa.selenium.SessionNotCreatedException">
      <![CDATA[org.openqa.selenium.SessionNotCreatedException: session not created: This version of ChromeDriver only supports Chrome version 92
Current browser version is 94.0.4606.61 with binary path C:\Program Files (x86)\Google\Chrome\Application\chrome.exe
Build info: version: '3.10.0', revision: '176b4a9', time: '2018-03-02T19:11:12.151Z'
System info: host: 'HI-PC', ip: '192.168.1.9', os.name: 'Windows 10', os.arch: 'amd64', os.version: '10.0', java.version: '11.0.12'
Driver info: driver.version: ChromeDriver
remote stacktrace: Backtrace:
Ordinal0 [0x003C2A33+2501171]
Ordinal0 [0x0035D1C1+2085313]
Ordinal0 [0x00261FA8+1056680]
Ordinal0 [0x0028020A+1180170]
Ordinal0 [0x0027C125+1163557]
Ordinal0 [0x0027997F+1153407]
Ordinal0 [0x002A999F+1350047]
Ordinal0 [0x002A960A+1349130]
Ordinal0 [0x002A551B+1332507]
Ordinal0 [0x00281D74+1187188]
Ordinal0 [0x00282BD9+1190873]
GetHandleVerifier [0x0053EFE6+1504438]
GetHandleVerifier [0x005EDDA5+2220661]
GetHandleVerifier [0x00445589+481881]
GetHandleVerifier [0x00444639+477961]
Ordinal0 [0x003628BD+2107581]
Ordinal0 [0x00366728+2123560]
Ordinal0 [0x00366862+2123874]
Ordinal0 [0x0036FA81+2161281]
BaseThreadInitThunk [0x76536359+25]
RtlGetAppContainerNamedObjectPath [0x77087B74+228]
RtlGetAppContainerNamedObjectPath [0x77087B44+180]

at java.base/jdk.internal.reflect.NativeConstructorAccessorImpl.newInstance0(Native Method)
at java.base/jdk.internal.reflect.NativeConstructorAccessorImpl.newInstance(NativeConstructorAccessorImpl.java:62)
at java.base/jdk.internal.reflect.DelegatingConstructorAccessorImpl.newInstance(DelegatingConstructorAccessorImpl.java:45)
at java.base/java.lang.reflect.Constructor.newInstance(Constructor.java:490)
at org.openqa.selenium.remote.W3CHandshakeResponse.lambda$new$0(W3CHandshakeResponse.java:57)
at org.openqa.selenium.remote.W3CHandshakeResponse.lambda$getResponseFunction$2(W3CHandshakeResponse.java:104)
at org.openqa.selenium.remote.ProtocolHandshake.lambda$createSession$0(ProtocolHandshake.java:123)
at java.base/java.util.stream.ReferencePipeline$3$1.accept(ReferencePipeline.java:195)
at java.base/java.util.Spliterators$ArraySpliterator.tryAdvance(Spliterators.java:958)
at java.base/java.util.stream.ReferencePipeline.forEachWithCancel(ReferencePipeline.java:127)
at java.base/java.util.stream.AbstractPipeline.copyIntoWithCancel(AbstractPipeline.java:502)
at java.base/java.util.stream.AbstractPipeline.copyInto(AbstractPipeline.java:488)
at java.base/java.util.stream.AbstractPipeline.wrapAndCopyInto(AbstractPipeline.java:474)
at java.base/java.util.stream.FindOps$FindOp.evaluateSequential(FindOps.java:150)
at java.base/java.util.stream.AbstractPipeline.evaluate(AbstractPipeline.java:234)
at java.base/java.util.stream.ReferencePipeline.findFirst(ReferencePipeline.java:543)
at org.openqa.selenium.remote.ProtocolHandshake.createSession(ProtocolHandshake.java:126)
at org.openqa.selenium.remote.ProtocolHandshake.createSession(ProtocolHandshake.java:73)
at org.openqa.selenium.remote.HttpCommandExecutor.execute(HttpCommandExecutor.java:138)
at org.openqa.selenium.remote.service.DriverCommandExecutor.execute(DriverCommandExecutor.java:83)
at org.openqa.selenium.remote.RemoteWebDriver.execute(RemoteWebDriver.java:601)
at org.openqa.selenium.remote.RemoteWebDriver.startSession(RemoteWebDriver.java:219)
at org.openqa.selenium.remote.RemoteWebDriver.<init>(RemoteWebDriver.java:142)
at org.openqa.selenium.chrome.ChromeDriver.<init>(ChromeDriver.java:181)
at org.openqa.selenium.chrome.ChromeDriver.<init>(ChromeDriver.java:168)
at org.openqa.selenium.chrome.ChromeDriver.<init>(ChromeDriver.java:123)
at TestNG_P.Booking.beforeMethod(Booking.java:74)
at java.base/jdk.internal.reflect.NativeMethodAccessorImpl.invoke0(Native Method)
at java.base/jdk.internal.reflect.NativeMethodAccessorImpl.invoke(NativeMethodAccessorImpl.java:62)
at java.base/jdk.internal.reflect.DelegatingMethodAccessorImpl.invoke(DelegatingMethodAccessorImpl.java:43)
at java.base/java.lang.reflect.Method.invoke(Method.java:566)
at org.testng.internal.MethodInvocationHelper.invokeMethod(MethodInvocationHelper.java:133)
at org.testng.internal.MethodInvocationHelper.invokeMethodConsideringTimeout(MethodInvocationHelper.java:62)
at org.testng.internal.ConfigInvoker.invokeConfigurationMethod(ConfigInvoker.java:385)
at org.testng.internal.ConfigInvoker.invokeConfigurations(ConfigInvoker.java:321)
at org.testng.internal.TestMethodWorker.invokeBeforeClassMethods(TestMethodWorker.java:176)
at org.testng.internal.TestMethodWorker.run(TestMethodWorker.java:122)
at java.base/java.util.ArrayList.forEach(ArrayList.java:1541)
at org.testng.TestRunner.privateRun(TestRunner.java:794)
at org.testng.TestRunner.run(TestRunner.java:596)
at org.testng.SuiteRunner.runTest(SuiteRunner.java:377)
at org.testng.SuiteRunner.runSequentially(SuiteRunner.java:371)
at org.testng.SuiteRunner.privateRun(SuiteRunner.java:332)
at org.testng.SuiteRunner.run(SuiteRunner.java:276)
at org.testng.SuiteRunnerWorker.runSuite(SuiteRunnerWorker.java:53)
at org.testng.SuiteRunnerWorker.run(SuiteRunnerWorker.java:96)
at org.testng.TestNG.runSuitesSequentially(TestNG.java:1212)
at org.testng.TestNG.runSuitesLocally(TestNG.java:1134)
at org.testng.TestNG.runSuites(TestNG.java:1063)
at org.testng.TestNG.run(TestNG.java:1031)
at org.testng.remote.AbstractRemoteTestNG.run(AbstractRemoteTestNG.java:115)
at org.testng.remote.RemoteTestNG.initAndRun(RemoteTestNG.java:251)
at org.testng.remote.RemoteTestNG.main(RemoteTestNG.java:77)
]]>
    </error>
  </testcase> <!-- beforeMethod -->
  <system-out/>
  <testcase classname="TestNG_P.Booking" name="searchRoom" time="0.000">
    <skipped/>
  </testcase> <!-- searchRoom -->
  <system-out/>
  <testcase classname="TestNG_P.Booking" name="bookRoom" time="0.000">
    <skipped/>
  </testcase> <!-- bookRoom -->
  <system-out/>
</testsuite> <!-- TestNG_P.Booking -->
