<?xml version="1.0" encoding="UTF-8"?>
<!-- Generated by org.testng.reporters.JUnitXMLReporter -->
<testsuite ignored="0" hostname="DESKTOP-HEOSBPL" failures="1" tests="7" name="Admin change price while User making order" time="34.575" errors="0" timestamp="2022-01-27T10:34:51 ICT">
  <testcase classname="test.script1.UserMakeOrderTest" name="loginCustomerRole" time="2.845"/>
  <testcase classname="test.script1.AdminEditPriceTest" name="loginWithAdminRole" time="3.89"/>
  <testcase classname="test.script1.UserMakeOrderTest" name="searchProductByTool" time="3.625"/>
  <testcase classname="test.script1.AdminEditPriceTest" name="editPrice" time="7.34"/>
  <testcase classname="test.script1.AdminEditPriceTest" name="checkPriceAfterEdit" time="2.235">
    <failure type="java.lang.AssertionError" message="expected [true] but found [false]">
      <![CDATA[java.lang.AssertionError: expected [true] but found [false]
at test.script1.AdminEditPriceTest.checkPriceAfterEdit(AdminEditPriceTest.java:47)
at java.base/java.util.concurrent.ThreadPoolExecutor.runWorker(ThreadPoolExecutor.java:1130)
at java.base/java.util.concurrent.ThreadPoolExecutor$Worker.run(ThreadPoolExecutor.java:630)
at java.base/java.lang.Thread.run(Thread.java:831)
... Removed 16 stack frames]]>
    </failure>
  </testcase> <!-- checkPriceAfterEdit -->
  <testcase classname="test.script1.UserMakeOrderTest" name="checkPriceBeforeMakeOrder" time="12.454"/>
  <testcase classname="test.script1.UserMakeOrderTest" name="makeOrderWithSearchProduct" time="8.854"/>
</testsuite> <!-- Admin change price while User making order -->
